<?xml version="1.0" encoding="UTF-8"?>
<testng-results skipped="0" failed="0" total="1" passed="1">
  <reporter-output>
  </reporter-output>
  <suite name="PublicarSuite" duration-ms="40505" started-at="2019-07-25T16:06:03Z" finished-at="2019-07-25T16:06:44Z">
    <groups>
    </groups>
    <test name="PublicarTest" duration-ms="40505" started-at="2019-07-25T16:06:03Z" finished-at="2019-07-25T16:06:44Z">
      <class name="pe.com.test.demoFacebook.PublicarTest">
        <test-method status="PASS" signature="inicioClase(java.lang.String, int)[pri:0, instance:pe.com.test.demoFacebook.PublicarTest@4501b7af]" name="inicioClase" is-config="true" duration-ms="7806" started-at="2019-07-25T11:06:03Z" finished-at="2019-07-25T11:06:11Z">
          <params>
            <param index="0">
              <value>
                <![CDATA[chrome]]>
              </value>
            </param>
            <param index="1">
              <value>
                <![CDATA[0]]>
              </value>
            </param>
          </params>
          <reporter-output>
          </reporter-output>
        </test-method> <!-- inicioClase -->
        <test-method status="PASS" signature="publicarPost()[pri:0, instance:pe.com.test.demoFacebook.PublicarTest@4501b7af]" name="publicarPost" duration-ms="30938" started-at="2019-07-25T11:06:11Z" finished-at="2019-07-25T11:06:42Z">
          <reporter-output>
          </reporter-output>
        </test-method> <!-- publicarPost -->
        <test-method status="PASS" signature="tearDown()[pri:0, instance:pe.com.test.demoFacebook.PublicarTest@4501b7af]" name="tearDown" is-config="true" duration-ms="1729" started-at="2019-07-25T11:06:42Z" finished-at="2019-07-25T11:06:44Z">
          <reporter-output>
          </reporter-output>
        </test-method> <!-- tearDown -->
      </class> <!-- pe.com.test.demoFacebook.PublicarTest -->
    </test> <!-- PublicarTest -->
  </suite> <!-- PublicarSuite -->
</testng-results>
